<?xml version="1.0" encoding="UTF-8"?>
<!-- Generated by org.testng.reporters.JUnitReportReporter -->
<testsuite hostname="DESKTOP-BFV7AEF" failures="0" tests="6" name="api.endpoints.DDTest" time="22.856" errors="0" timestamp="2024-07-16T19:19:11 IST" skipped="0">
  <testcase classname="api.endpoints.DDTest" name="createUser" time="3.525"/>
  <testcase classname="api.endpoints.DDTest" name="createUser" time="1.536"/>
  <testcase classname="api.endpoints.DDTest" name="createUser" time="7.611"/>
  <testcase classname="api.endpoints.DDTest" name="deleteUser" time="4.415"/>
  <testcase classname="api.endpoints.DDTest" name="deleteUser" time="2.200"/>
  <testcase classname="api.endpoints.DDTest" name="deleteUser" time="3.569"/>
</testsuite> <!-- api.endpoints.DDTest -->
