<?xml version="1.0" encoding="UTF-8"?>
<!-- Generated by org.testng.reporters.JUnitReportReporter -->
<testsuite hostname="DESKTOP-BFV7AEF" failures="0" tests="6" name="api.test.DDTest" time="11.165" errors="0" timestamp="2024-07-17T15:53:50 IST" skipped="0">
  <testcase classname="api.test.DDTest" name="createUser" time="4.619"/>
  <testcase classname="api.test.DDTest" name="createUser" time="1.196"/>
  <testcase classname="api.test.DDTest" name="createUser" time="1.160"/>
  <testcase classname="api.test.DDTest" name="deleteUser" time="1.622"/>
  <testcase classname="api.test.DDTest" name="deleteUser" time="1.143"/>
  <testcase classname="api.test.DDTest" name="deleteUser" time="1.425"/>
</testsuite> <!-- api.test.DDTest -->
