<?xml version="1.0" encoding="UTF-8"?>
<!-- Generated by org.testng.reporters.JUnitReportReporter -->
<testsuite hostname="DESKTOP-BFV7AEF" failures="0" tests="4" name="api.payload.UserTests" time="13.557" errors="0" timestamp="2024-07-15T17:29:11 IST" skipped="0">
  <testcase classname="api.payload.UserTests" name="testPostReq" time="7.076"/>
  <testcase classname="api.payload.UserTests" name="testGetReq" time="1.322"/>
  <testcase classname="api.payload.UserTests" name="testPutReq" time="3.121"/>
  <testcase classname="api.payload.UserTests" name="testDeleteReq" time="2.038"/>
</testsuite> <!-- api.payload.UserTests -->
